-------------------------------------------------------------------------------
Test set: TestRunner.TestRunner
-------------------------------------------------------------------------------
Tests run: 18, Failures: 0, Errors: 1, Skipped: 14, Time elapsed: 3.726 s <<< FAILURE! - in TestRunner.TestRunner
Feature: As a user, I want to add inputs by clicking on the input source link on the left panle of the dashboard page  Time elapsed: 0.07 s  <<< ERROR!
java.lang.IllegalArgumentException: nodeName cannot be null or empty

