<?xml version="1.0" encoding="UTF-8"?>
<testsuite xmlns:xsi="http://www.w3.org/2001/XMLSchema-instance" xsi:noNamespaceSchemaLocation="https://maven.apache.org/surefire/maven-surefire-plugin/xsd/surefire-test-report.xsd" name="TestRunner.TestRunner" time="3.726" tests="18" errors="1" skipped="14" failures="0">
  <properties>
[...]
</properties>
  <testcase name="Given I am on the dashbaord page" classname="Scenario: Successfully adding logins" time="0">
    <skipped/>
    <system-out><![CDATA[Feature: As a user, I want to add inputs by clicking on the input source link on the left panle of the dashboard page
]]></system-out>
  </testcase>
  <testcase name="When I click on the input link on the left panel" classname="Scenario: Successfully adding logins" time="0">
    <skipped/>
  </testcase>
  <testcase name="Then I should be seeing the sources link on the main panel to add inputs" classname="Scenario: Successfully adding logins" time="0">
    <skipped/>
  </testcase>
  <testcase name="Scenario: Successfully adding logins" classname="Scenario: Successfully adding logins" time="0">
    <skipped/>
  </testcase>
  <testcase name="Scenario: Successfully adding logins" classname="Scenario: Successfully adding logins" time="0.273"/>
  <testcase name="Given I click on the main panel of the dashboard page" classname="Scenario: " time="0">
    <skipped/>
    <system-out><![CDATA[
  @ValidCase @Smoke
  Scenario: Successfully adding logins                                       # Inputsadded.feature:4
    Given I am on the dashbaord page
    When I click on the input link on the left panel
    Then I should be seeing the sources link on the main panel to add inputs
]]></system-out>
  </testcase>
  <testcase name="When I click on new source tab" classname="Scenario: " time="0">
    <skipped/>
  </testcase>
  <testcase name="Then the dropdowm menu should be displayed" classname="Scenario: " time="0">
    <skipped/>
  </testcase>
  <testcase name="Scenario: " classname="Scenario: " time="0">
    <skipped/>
  </testcase>
  <testcase name="Scenario: " classname="Scenario: " time="0.049"/>
  <testcase name="Feature: As a user, I want to add inputs by clicking on the input source link on the left panle of the dashboard page" classname="Feature: As a user, I want to add inputs by clicking on the input source link on the left panle of the dashboard page" time="0.07">
    <error message="nodeName cannot be null or empty" type="java.lang.IllegalArgumentException">java.lang.IllegalArgumentException: nodeName cannot be null or empty
</error>
    <system-out><![CDATA[
  @ValidCase @Smoke
  Scenario:                                               # Inputsadded.feature:10
    Given I click on the main panel of the dashboard page
    When I click on new source tab
    Then the dropdowm menu should be displayed
]]></system-out>
  </testcase>
  <testcase name="Given I am on the login page" classname="| admin | admin |" time="0">
    <skipped/>
    <system-out><![CDATA[
  @ValidCase @Smoke
  Scenario Outline:  # Inputsadded.feature:16
Feature: As a user, I want to log into ASI software

  @ValidCase @Smoke
  Scenario Outline: Successful login using valid account                     # Login.feature:4
    Given I am on the login page
    When I type in username <username>
    And I type password as <password>
    And click on login button
    Then I successfully login and land on homepage displaying Dashboard page

    Examples: 
]]></system-out>
  </testcase>
  <testcase name="When I type in username admin" classname="| admin | admin |" time="0">
    <skipped/>
  </testcase>
  <testcase name="And I type password as admin" classname="| admin | admin |" time="0">
    <skipped/>
  </testcase>
  <testcase name="And click on login button" classname="| admin | admin |" time="0">
    <skipped/>
  </testcase>
  <testcase name="Then I successfully login and land on homepage displaying Dashboard page" classname="| admin | admin |" time="0">
    <skipped/>
  </testcase>
  <testcase name="| admin | admin |" classname="| admin | admin |" time="0">
    <skipped/>
  </testcase>
  <testcase name="| admin | admin |" classname="| admin | admin |" time="0.029"/>
</testsuite>